Баланс пополнен на 123. Описание: (<TypeTransactions.INCOME: 'income'>, 'Тест_доход_100'). Текущий баланс: 123
Баланс пополнен на 123. Описание: ('income', 'Тест_доход_100'). Текущий баланс: 123
Баланс пополнен на 123. Описание: ('expenses', 'Тест_расход_50'). Текущий баланс: 246
Баланс пополнен на 123. Описание: ('income', 'Тест_доход_100'). Текущий баланс: 123
Баланс пополнен на 123. Описание: ('expenses', 'Тест_расход_50'). Текущий баланс: 0
Баланс пополнен на 123. Описание: ('credit', 'Тест_кредит_20'). Текущий баланс: 123
Баланс пополнен на 123. Описание: ('income', 'Тест_доход_100'). Текущий баланс: 123
Баланс пополнен на 123. Описание: ('income', 'Тест_доход_100'). Текущий баланс: 123
Баланс пополнен на 1234. Описание: ('income', 'Тест_доход_100'). Текущий баланс: 1357
Списано с баланса 1234. Описание: ('expenses', 'Тест_расход_50'). Текущий баланс: 123
Баланс пополнен на 1234. Описание: ('credit', 'Тест_кредит_20'). Текущий баланс: 1357Баланс пополнен на 123. Описание: ('income', 'Тест_доход_100'). Текущий баланс: 123
Баланс пополнен на 123123. Описание: ('income', 'Тест_доход_100'). Текущий баланс: 123246
Баланс пополнен на 123. Описание: ('income', 'Тест_доход_100'). Текущий баланс: 123
Баланс пополнен на 123. Описание: ('income', 'Тест_доход_100'). Текущий баланс: 246
Баланс пополнен на 123. Описание: ('income', 'Тест_доход_100'). Текущий баланс: 369
Баланс пополнен на 123. Описание: ('income', ''). Текущий баланс: 123
Баланс пополнен на 123. Описание: ('income', 'ЗП'). Текущий баланс: 246
Списано с баланса 200. Описание: ('expenses', 'игрушки'). Текущий баланс: 46
Баланс пополнен на 200. Описание: ('credit', 'у матери '). Текущий баланс: 246
Баланс пополнен на 2123. Описание: ('income', '1'). Текущий баланс: 2123
Баланс пополнен на 2123. Описание: ('income', '1'). Текущий баланс: 4246
Баланс пополнен на 2123. Описание: ('income', '1'). Текущий баланс: 6369
Баланс пополнен на 2123. Описание: ('income', '1'). Текущий баланс: 8492
Списано с баланса 2123. Описание: ('expenses', '1'). Текущий баланс: 6369
Списано с баланса 2123. Описание: ('expenses', '1'). Текущий баланс: 4246
Баланс пополнен на 123. Описание: ('income', 'dffdfdf'). Текущий баланс: 123
Списано с баланса 123. Описание: ('expenses', 'dffdfdf'). Текущий баланс: 0
Баланс пополнен на 123. Описание: ('income', '1'). Текущий баланс: 123
Баланс пополнен на 123. Описание: ('income', '1'). Текущий баланс: 123
Баланс пополнен на 123. Описание: ('income', '1'). Текущий баланс: 123
Списано с баланса 123. Описание: ('expenses', '1'). Текущий баланс: 0
Баланс пополнен на 123. Описание: ('income', '1'). Текущий баланс: 123
Баланс пополнен на 1. Описание: ('income', '1'). Текущий баланс: 1
Списано с баланса 1. Описание: ('expenses', '1'). Текущий баланс: 0
Баланс пополнен на 123. Описание: ('income', ''). Текущий баланс: 123
Списано с баланса 123. Описание: ('expenses', ''). Текущий баланс: 0
Баланс пополнен на 12. Описание: ('income', ''). Текущий баланс: 12
Баланс пополнен на 123123. Описание: ('income', '123'). Текущий баланс: 123123
Баланс пополнен на 111. Описание: ('income', '11111'). Текущий баланс: 111
Баланс пополнен на 1. Описание: ('income', '1'). Текущий баланс: 1
Баланс пополнен на 1. Описание: ('income', '1'). Текущий баланс: 1
Баланс пополнен на 1. Описание: ('income', '1'). Текущий баланс: 2
Баланс пополнен на 1. Описание: ('income', '11111'). Текущий баланс: 1
Списано с баланса 1. Описание: ('expenses', '11111'). Текущий баланс: 0
Баланс пополнен на 123. Описание: ('income', 'wefdewsf'). Текущий баланс: 123
Баланс пополнен на 123. Описание: ('income', 'wefdewsf'). Текущий баланс: 246
Баланс пополнен на 123. Описание: ('income', 'wefdewsf'). Текущий баланс: 369
Баланс пополнен на 123. Описание: ('income', 'wefdewsf'). Текущий баланс: 492
Списано с баланса 400. Описание: ('expenses', 'eferfw'). Текущий баланс: 92
Баланс пополнен на 9000. Описание: ('credit', 'wedfewdf'). Текущий баланс: 9092
Списано с баланса 92. Описание: ('expenses', 'dfdfs'). Текущий баланс: 30000
Списано с баланса 30000. Описание: ('expenses', 'уцвуцв'). Текущий баланс: 30000
Баланс пополнен на 1. Описание: ('income', 'выасвыс'). Текущий баланс: 30001
Списано с баланса 3000. Описание: ('expenses', 'ывавыа'). Текущий баланс: 27001
Баланс пополнен на 3000. Описание: ('income', 'ывавыа'). Текущий баланс: 30001
Списано с баланса 3000. Описание: ('expenses', 'ывавыа'). Текущий баланс: 27001
Списано с баланса 3000. Описание: ('expenses', 'ывавыа'). Текущий баланс: 24001
Списано с баланса 3000. Описание: ('expenses', 'ывавыа'). Текущий баланс: 21001
Списано с баланса 3000. Описание: ('expenses', 'ывавыа'). Текущий баланс: 18001
Списано с баланса 3000. Описание: ('expenses', 'ывавыа'). Текущий баланс: 15001
Списано с баланса 2. Описание: ('expenses', 'уапуа'). Текущий баланс: 14999
2025-01-29 08:46:50.248662Баланс пополнен на 1. Описание: ('income', '123123'). Текущий баланс: 15000
[2025-01-29 08:50:02]Баланс пополнен на 1. Описание: ('income', 'dwfewds'). Текущий баланс: 15001
[2025-01-29 08:50:03]Списано с баланса 1. Описание: ('expenses', 'dwfewds'). Текущий баланс: 15000
[2025-01-29 08:50:03]Списано с баланса 1. Описание: ('expenses', 'dwfewds'). Текущий баланс: 14999
